<?xml version="1.0" encoding="UTF-8"?>
<!-- Generated by org.testng.reporters.JUnitReportReporter -->
<testsuite hostname="TGSI-LAP-21416" failures="0" tests="1" name="part1.FirstSeleniumTest" time="9.486" errors="0" timestamp="2025-05-29T08:06:01 PST" skipped="0">
  <testcase classname="part1.FirstSeleniumTest" name="testLoggingIntoApplication" time="9.486"/>
</testsuite> <!-- part1.FirstSeleniumTest -->
