<?xml version="1.0" encoding="UTF-8"?>
<!-- Generated by org.testng.reporters.JUnitReportReporter -->
<testsuite hostname="TGSI-LAP-21416" failures="0" tests="1" name="part2.test.Products.ProductsTest" time="0.853" errors="0" timestamp="2025-05-22T16:58:01 PST" skipped="0">
  <testcase classname="part2.test.Products.ProductsTest" name="testProductsHeaderIsDisplayed" time="0.853"/>
</testsuite> <!-- part2.test.Products.ProductsTest -->
