<?xml version="1.0" encoding="UTF-8"?>
<!-- Generated by org.testng.reporters.JUnitReportReporter -->
<testsuite hostname="TGSI-CPU-19018" failures="0" tests="1" name="part1.FirstSeleniumTest" time="8.072" errors="0" timestamp="2025-06-09T16:12:13 PST" skipped="0">
  <testcase classname="part1.FirstSeleniumTest" name="testLoggingIntoApplication" time="8.072"/>
</testsuite> <!-- part1.FirstSeleniumTest -->
