<?xml version="1.0" encoding="UTF-8"?>
<!-- Generated by org.testng.reporters.JUnitReportReporter -->
<testsuite hostname="TGSI-LAP-21416" failures="0" tests="1" name="part3_4.com.demoqa.tests.part3.elements.WebTableTest" time="5.838" errors="0" timestamp="2025-06-05T16:00:49 PST" skipped="0">
  <testcase classname="part3_4.com.demoqa.tests.part3.elements.WebTableTest" name="testWebTable" time="5.838"/>
</testsuite> <!-- part3_4.com.demoqa.tests.part3.elements.WebTableTest -->
