<?xml version="1.0" encoding="UTF-8"?>
<!-- Generated by org.testng.reporters.JUnitReportReporter -->
<testsuite hostname="TGSI-CPU-19018" failures="0" tests="1" name="part2.test.Products.ProductsTest" time="0.291" errors="0" timestamp="2025-06-09T16:33:11 PST" skipped="0">
  <testcase classname="part2.test.Products.ProductsTest" name="testProductsHeaderIsDisplayed" time="0.291"/>
</testsuite> <!-- part2.test.Products.ProductsTest -->
